<?xml version="1.0" encoding="UTF-8"?>
<!-- Generated by org.testng.reporters.JUnitXMLReporter -->
<testsuite ignored="0" hostname="LAPTOP-D62PJ3QE" failures="1" tests="1" name="Flight Booking Test" time="23.222" errors="0" timestamp="14 Jan 2021 20:23:34 GMT">
  <testcase classname="execute.FlightBookingTest" name="BookingTests" time="11.874">
    <failure type="java.lang.AssertionError" message="expected [true] but found [false]">
      <![CDATA[java.lang.AssertionError: expected [true] but found [false]
	at pom.FlightBookingPOM.BookTicket(FlightBookingPOM.java:128)
	at execute.FlightBookingTest.BookingTests(FlightBookingTest.java:15)
... Removed 34 stack frames]]>
    </failure>
  </testcase> <!-- BookingTests -->
</testsuite> <!-- Flight Booking Test -->
